{
  "stats": {
    "suites": 0,
    "tests": 1,
    "passes": 1,
    "pending": 0,
    "failures": 0,
    "start": "2023-08-02T17:58:18.013Z",
    "end": "2023-08-02T17:59:12.545Z",
    "duration": 54532,
    "testsRegistered": 1,
    "passPercent": 100,
    "pendingPercent": 0,
    "other": 0,
    "hasOther": false,
    "skipped": 0,
    "hasSkipped": false
  },
  "results": [
    {
      "uuid": "09f96369-14aa-4310-97d4-06ce78b01007",
      "title": "",
      "fullFile": "cypress\\e2e\\helperHomeWork.cy.js",
      "file": "cypress\\e2e\\helperHomeWork.cy.js",
      "beforeHooks": [],
      "afterHooks": [],
      "tests": [
        {
          "title": "Place order",
          "fullTitle": "Place order",
          "timedOut": null,
          "duration": 52725,
          "state": "passed",
          "speed": "slow",
          "pass": true,
          "fail": false,
          "pending": false,
          "context": null,
          "code": "_AccountLoginPage.default.visit();\ncy.log('**Submit login form ...**');\n_AccountLoginPage.default.getLoginName().type(_user.default.loginName);\n_AccountLoginPage.default.getPassword().type(_user.default.password);\n_AccountLoginPage.default.getLoginButton().click();\ncy.log('Product searching');\n_HomePage.default.visit();\n_HomePage.default.getSearchField().type('c{enter}');\n(0, _searchProductHelper.findProductByName)(_product.default, _user.default);",
          "err": {},
          "uuid": "5c64731c-caf5-4e5b-992a-c2a6f13df4db",
          "parentUUID": "09f96369-14aa-4310-97d4-06ce78b01007",
          "isHook": false,
          "skipped": false
        }
      ],
      "suites": [],
      "passes": [
        "5c64731c-caf5-4e5b-992a-c2a6f13df4db"
      ],
      "failures": [],
      "pending": [],
      "skipped": [],
      "duration": 52725,
      "root": true,
      "rootEmpty": false,
      "_timeout": 2000
    }
  ],
  "meta": {
    "mocha": {
      "version": "7.0.1"
    },
    "mochawesome": {
      "options": {
        "quiet": false,
        "reportFilename": "mochawesome",
        "saveHtml": true,
        "saveJson": true,
        "consoleReporter": "spec",
        "useInlineDiffs": false,
        "code": true
      },
      "version": "7.1.3"
    },
    "marge": {
      "options": {
        "reportDir": "cypress/results",
        "overwrite": false,
        "html": true,
        "json": true
      },
      "version": "6.2.0"
    }
  }
}